<?xml version="1.0" encoding="UTF-8"?>
<!-- Generated by org.testng.reporters.JUnitXMLReporter -->
<testsuite ignored="0" hostname="TM-PC01" failures="0" tests="6" name="Surefire test" time="4.82" errors="0" timestamp="2025-05-01T13:48:45 CST">
  <testcase classname="com.example.LoginTest" name="abTcontrol" time="1.407"/>
  <testcase classname="com.example.LoginTest" name="basicAuth" time="0.473"/>
  <testcase classname="com.example.LoginTest" name="loginCorrecto" time="0.537"/>
  <testcase classname="com.example.LoginTest" name="openHomePage" time="0.095"/>
  <testcase classname="com.advanced.AdvancedTest" name="dropdownFeature" time="1.045"/>
  <testcase classname="com.advanced.AdvancedTest" name="dropdownFeatureText" time="0.135"/>
</testsuite> <!-- Surefire test -->
