<?xml version="1.0" encoding="UTF-8"?>
<testng-results ignored="0" total="6" passed="6" failed="0" skipped="0">
  <reporter-output>
  </reporter-output>
  <suite started-at="2025-05-01T13:48:40 CST" name="Surefire suite" finished-at="2025-05-01T13:48:45 CST" duration-ms="4820">
    <groups>
    </groups>
    <test started-at="2025-05-01T13:48:40 CST" name="Surefire test" finished-at="2025-05-01T13:48:45 CST" duration-ms="4820">
      <class name="com.advanced.AdvancedTest">
        <test-method is-config="true" signature="setUp()[pri:0, instance:com.advanced.AdvancedTest@647fd8ce]" started-at="2025-05-01T13:48:43 CST" name="setUp" finished-at="2025-05-01T13:48:43 CST" duration-ms="331" status="PASS">
          <reporter-output>
          </reporter-output>
        </test-method> <!-- setUp -->
        <test-method signature="dropdownFeature()[pri:0, instance:com.advanced.AdvancedTest@647fd8ce]" started-at="2025-05-01T13:48:43 CST" name="dropdownFeature" finished-at="2025-05-01T13:48:45 CST" duration-ms="1045" status="PASS">
          <reporter-output>
          </reporter-output>
        </test-method> <!-- dropdownFeature -->
        <test-method signature="dropdownFeatureText()[pri:0, instance:com.advanced.AdvancedTest@647fd8ce]" started-at="2025-05-01T13:48:45 CST" name="dropdownFeatureText" finished-at="2025-05-01T13:48:45 CST" duration-ms="135" status="PASS">
          <reporter-output>
          </reporter-output>
        </test-method> <!-- dropdownFeatureText -->
        <test-method is-config="true" signature="tearDown()[pri:0, instance:com.advanced.AdvancedTest@647fd8ce]" started-at="2025-05-01T13:48:45 CST" name="tearDown" finished-at="2025-05-01T13:48:45 CST" duration-ms="69" status="PASS">
          <reporter-output>
          </reporter-output>
        </test-method> <!-- tearDown -->
      </class> <!-- com.advanced.AdvancedTest -->
      <class name="com.example.LoginTest">
        <test-method is-config="true" signature="setUp()[pri:0, instance:com.example.LoginTest@419c5f1a]" started-at="2025-05-01T13:48:40 CST" name="setUp" finished-at="2025-05-01T13:48:41 CST" duration-ms="627" status="PASS">
          <reporter-output>
          </reporter-output>
        </test-method> <!-- setUp -->
        <test-method signature="abTcontrol()[pri:0, instance:com.example.LoginTest@419c5f1a]" started-at="2025-05-01T13:48:41 CST" name="abTcontrol" finished-at="2025-05-01T13:48:42 CST" duration-ms="1407" status="PASS">
          <reporter-output>
          </reporter-output>
        </test-method> <!-- abTcontrol -->
        <test-method signature="basicAuth()[pri:0, instance:com.example.LoginTest@419c5f1a]" started-at="2025-05-01T13:48:42 CST" name="basicAuth" finished-at="2025-05-01T13:48:42 CST" duration-ms="473" status="PASS">
          <reporter-output>
          </reporter-output>
        </test-method> <!-- basicAuth -->
        <test-method signature="loginCorrecto()[pri:0, instance:com.example.LoginTest@419c5f1a]" started-at="2025-05-01T13:48:42 CST" name="loginCorrecto" finished-at="2025-05-01T13:48:43 CST" duration-ms="537" status="PASS">
          <reporter-output>
          </reporter-output>
        </test-method> <!-- loginCorrecto -->
        <test-method signature="openHomePage()[pri:0, instance:com.example.LoginTest@419c5f1a]" started-at="2025-05-01T13:48:43 CST" name="openHomePage" finished-at="2025-05-01T13:48:43 CST" duration-ms="95" status="PASS">
          <reporter-output>
          </reporter-output>
        </test-method> <!-- openHomePage -->
        <test-method is-config="true" signature="tearDown()[pri:0, instance:com.example.LoginTest@419c5f1a]" started-at="2025-05-01T13:48:43 CST" name="tearDown" finished-at="2025-05-01T13:48:43 CST" duration-ms="74" status="PASS">
          <reporter-output>
          </reporter-output>
        </test-method> <!-- tearDown -->
      </class> <!-- com.example.LoginTest -->
    </test> <!-- Surefire test -->
  </suite> <!-- Surefire suite -->
</testng-results>
