<?xml version="1.0" encoding="UTF-8"?>
<!-- Generated by org.testng.reporters.JUnitReportReporter -->
<testsuite hostname="TM-PC01" failures="0" tests="4" name="com.example.LoginTest" time="2.512" errors="0" timestamp="2025-05-01T13:48:45 CST" skipped="0">
  <testcase classname="com.example.LoginTest" name="openHomePage" time="0.095"/>
  <testcase classname="com.example.LoginTest" name="basicAuth" time="0.473"/>
  <testcase classname="com.example.LoginTest" name="loginCorrecto" time="0.537"/>
  <testcase classname="com.example.LoginTest" name="abTcontrol" time="1.407"/>
</testsuite> <!-- com.example.LoginTest -->
